0 info it worked if it ends with ok
1 verbose cli [ 'node',
1 verbose cli   '/usr/local/bin/npm',
1 verbose cli   'install',
1 verbose cli   'grunt-contrib-concat',
1 verbose cli   'grunt-contrib-copy',
1 verbose cli   'gruntcontrib-uglify',
1 verbose cli   'grunt-contrib-cssmin',
1 verbose cli   'grunt-usemin',
1 verbose cli   '--save-dev' ]
2 info using npm@1.4.28
3 info using node@v0.10.32
4 warn package.json usemin@1.0.0 No README data
5 verbose readDependencies using package.json deps
6 verbose cache add [ 'grunt-contrib-concat', null ]
7 verbose cache add name=undefined spec="grunt-contrib-concat" args=["grunt-contrib-concat",null]
8 verbose parsed url { protocol: null,
8 verbose parsed url   slashes: null,
8 verbose parsed url   auth: null,
8 verbose parsed url   host: null,
8 verbose parsed url   port: null,
8 verbose parsed url   hostname: null,
8 verbose parsed url   hash: null,
8 verbose parsed url   search: null,
8 verbose parsed url   query: null,
8 verbose parsed url   pathname: 'grunt-contrib-concat',
8 verbose parsed url   path: 'grunt-contrib-concat',
8 verbose parsed url   href: 'grunt-contrib-concat' }
9 verbose cache add [ 'grunt-contrib-copy', null ]
10 verbose cache add name=undefined spec="grunt-contrib-copy" args=["grunt-contrib-copy",null]
11 verbose parsed url { protocol: null,
11 verbose parsed url   slashes: null,
11 verbose parsed url   auth: null,
11 verbose parsed url   host: null,
11 verbose parsed url   port: null,
11 verbose parsed url   hostname: null,
11 verbose parsed url   hash: null,
11 verbose parsed url   search: null,
11 verbose parsed url   query: null,
11 verbose parsed url   pathname: 'grunt-contrib-copy',
11 verbose parsed url   path: 'grunt-contrib-copy',
11 verbose parsed url   href: 'grunt-contrib-copy' }
12 verbose cache add [ 'gruntcontrib-uglify', null ]
13 verbose cache add name=undefined spec="gruntcontrib-uglify" args=["gruntcontrib-uglify",null]
14 verbose parsed url { protocol: null,
14 verbose parsed url   slashes: null,
14 verbose parsed url   auth: null,
14 verbose parsed url   host: null,
14 verbose parsed url   port: null,
14 verbose parsed url   hostname: null,
14 verbose parsed url   hash: null,
14 verbose parsed url   search: null,
14 verbose parsed url   query: null,
14 verbose parsed url   pathname: 'gruntcontrib-uglify',
14 verbose parsed url   path: 'gruntcontrib-uglify',
14 verbose parsed url   href: 'gruntcontrib-uglify' }
15 verbose cache add [ 'grunt-contrib-cssmin', null ]
16 verbose cache add name=undefined spec="grunt-contrib-cssmin" args=["grunt-contrib-cssmin",null]
17 verbose parsed url { protocol: null,
17 verbose parsed url   slashes: null,
17 verbose parsed url   auth: null,
17 verbose parsed url   host: null,
17 verbose parsed url   port: null,
17 verbose parsed url   hostname: null,
17 verbose parsed url   hash: null,
17 verbose parsed url   search: null,
17 verbose parsed url   query: null,
17 verbose parsed url   pathname: 'grunt-contrib-cssmin',
17 verbose parsed url   path: 'grunt-contrib-cssmin',
17 verbose parsed url   href: 'grunt-contrib-cssmin' }
18 verbose cache add [ 'grunt-usemin', null ]
19 verbose cache add name=undefined spec="grunt-usemin" args=["grunt-usemin",null]
20 verbose parsed url { protocol: null,
20 verbose parsed url   slashes: null,
20 verbose parsed url   auth: null,
20 verbose parsed url   host: null,
20 verbose parsed url   port: null,
20 verbose parsed url   hostname: null,
20 verbose parsed url   hash: null,
20 verbose parsed url   search: null,
20 verbose parsed url   query: null,
20 verbose parsed url   pathname: 'grunt-usemin',
20 verbose parsed url   path: 'grunt-usemin',
20 verbose parsed url   href: 'grunt-usemin' }
21 silly lockFile 2cb61a47-grunt-contrib-concat grunt-contrib-concat
22 verbose lock grunt-contrib-concat /Users/makingthings/.npm/2cb61a47-grunt-contrib-concat.lock
23 silly lockFile a84690fa-grunt-contrib-copy grunt-contrib-copy
24 verbose lock grunt-contrib-copy /Users/makingthings/.npm/a84690fa-grunt-contrib-copy.lock
25 silly lockFile 21dc7097-gruntcontrib-uglify gruntcontrib-uglify
26 verbose lock gruntcontrib-uglify /Users/makingthings/.npm/21dc7097-gruntcontrib-uglify.lock
27 silly lockFile 82d3c5ce-grunt-contrib-cssmin grunt-contrib-cssmin
28 verbose lock grunt-contrib-cssmin /Users/makingthings/.npm/82d3c5ce-grunt-contrib-cssmin.lock
29 silly lockFile 1f2e74b6-grunt-usemin grunt-usemin
30 verbose lock grunt-usemin /Users/makingthings/.npm/1f2e74b6-grunt-usemin.lock
31 silly lockFile 2cb61a47-grunt-contrib-concat grunt-contrib-concat
32 silly lockFile 2cb61a47-grunt-contrib-concat grunt-contrib-concat
33 silly lockFile a84690fa-grunt-contrib-copy grunt-contrib-copy
34 silly lockFile a84690fa-grunt-contrib-copy grunt-contrib-copy
35 silly lockFile 21dc7097-gruntcontrib-uglify gruntcontrib-uglify
36 silly lockFile 21dc7097-gruntcontrib-uglify gruntcontrib-uglify
37 silly lockFile 1f2e74b6-grunt-usemin grunt-usemin
38 silly lockFile 1f2e74b6-grunt-usemin grunt-usemin
39 verbose addNamed [ 'grunt-contrib-concat', '' ]
40 verbose addNamed [ null, '*' ]
41 silly lockFile 9f2aab3b-grunt-contrib-concat grunt-contrib-concat@
42 verbose lock grunt-contrib-concat@ /Users/makingthings/.npm/9f2aab3b-grunt-contrib-concat.lock
43 silly lockFile 82d3c5ce-grunt-contrib-cssmin grunt-contrib-cssmin
44 silly lockFile 82d3c5ce-grunt-contrib-cssmin grunt-contrib-cssmin
45 verbose addNamed [ 'grunt-contrib-copy', '' ]
46 verbose addNamed [ null, '*' ]
47 silly lockFile 9ec4cea0-grunt-contrib-copy grunt-contrib-copy@
48 verbose lock grunt-contrib-copy@ /Users/makingthings/.npm/9ec4cea0-grunt-contrib-copy.lock
49 verbose addNamed [ 'gruntcontrib-uglify', '' ]
50 verbose addNamed [ null, '*' ]
51 silly lockFile aef8c9d3-gruntcontrib-uglify gruntcontrib-uglify@
52 verbose lock gruntcontrib-uglify@ /Users/makingthings/.npm/aef8c9d3-gruntcontrib-uglify.lock
53 verbose addNamed [ 'grunt-usemin', '' ]
54 verbose addNamed [ null, '*' ]
55 silly lockFile ebe22777-grunt-usemin grunt-usemin@
56 verbose lock grunt-usemin@ /Users/makingthings/.npm/ebe22777-grunt-usemin.lock
57 verbose addNamed [ 'grunt-contrib-cssmin', '' ]
58 verbose addNamed [ null, '*' ]
59 silly lockFile b94ab2cf-grunt-contrib-cssmin grunt-contrib-cssmin@
60 verbose lock grunt-contrib-cssmin@ /Users/makingthings/.npm/b94ab2cf-grunt-contrib-cssmin.lock
61 silly addNameRange { name: 'grunt-contrib-concat', range: '*', hasData: false }
62 silly addNameRange { name: 'grunt-contrib-copy', range: '*', hasData: false }
63 silly addNameRange { name: 'gruntcontrib-uglify', range: '*', hasData: false }
64 silly addNameRange { name: 'grunt-usemin', range: '*', hasData: false }
65 verbose request where is /grunt-contrib-concat
66 verbose request registry https://registry.npmjs.org/
67 verbose request id 4639b930b28a3dd2
68 verbose url raw /grunt-contrib-concat
69 verbose url resolving [ 'https://registry.npmjs.org/', './grunt-contrib-concat' ]
70 verbose url resolved https://registry.npmjs.org/grunt-contrib-concat
71 verbose request where is https://registry.npmjs.org/grunt-contrib-concat
72 info trying registry request attempt 1 at 19:03:52
73 http GET https://registry.npmjs.org/grunt-contrib-concat
74 verbose request where is /grunt-contrib-copy
75 verbose request registry https://registry.npmjs.org/
76 verbose url raw /grunt-contrib-copy
77 verbose url resolving [ 'https://registry.npmjs.org/', './grunt-contrib-copy' ]
78 verbose url resolved https://registry.npmjs.org/grunt-contrib-copy
79 verbose request where is https://registry.npmjs.org/grunt-contrib-copy
80 info trying registry request attempt 1 at 19:03:52
81 http GET https://registry.npmjs.org/grunt-contrib-copy
82 verbose request where is /gruntcontrib-uglify
83 verbose request registry https://registry.npmjs.org/
84 verbose url raw /gruntcontrib-uglify
85 verbose url resolving [ 'https://registry.npmjs.org/', './gruntcontrib-uglify' ]
86 verbose url resolved https://registry.npmjs.org/gruntcontrib-uglify
87 verbose request where is https://registry.npmjs.org/gruntcontrib-uglify
88 info trying registry request attempt 1 at 19:03:52
89 http GET https://registry.npmjs.org/gruntcontrib-uglify
90 verbose request where is /grunt-usemin
91 verbose request registry https://registry.npmjs.org/
92 verbose url raw /grunt-usemin
93 verbose url resolving [ 'https://registry.npmjs.org/', './grunt-usemin' ]
94 verbose url resolved https://registry.npmjs.org/grunt-usemin
95 verbose request where is https://registry.npmjs.org/grunt-usemin
96 info trying registry request attempt 1 at 19:03:52
97 http GET https://registry.npmjs.org/grunt-usemin
98 silly addNameRange { name: 'grunt-contrib-cssmin', range: '*', hasData: false }
99 verbose request where is /grunt-contrib-cssmin
100 verbose request registry https://registry.npmjs.org/
101 verbose url raw /grunt-contrib-cssmin
102 verbose url resolving [ 'https://registry.npmjs.org/', './grunt-contrib-cssmin' ]
103 verbose url resolved https://registry.npmjs.org/grunt-contrib-cssmin
104 verbose request where is https://registry.npmjs.org/grunt-contrib-cssmin
105 info trying registry request attempt 1 at 19:03:52
106 http GET https://registry.npmjs.org/grunt-contrib-cssmin
107 http 200 https://registry.npmjs.org/grunt-contrib-copy
108 silly registry.get cb [ 200,
108 silly registry.get   { server: 'CouchDB/1.5.0 (Erlang OTP/R16B03)',
108 silly registry.get     etag: '"1RR0WPZUJPVI144ESF8A6XPRT"',
108 silly registry.get     'content-type': 'application/json',
108 silly registry.get     'cache-control': 'max-age=60',
108 silly registry.get     'content-length': '32798',
108 silly registry.get     'accept-ranges': 'bytes',
108 silly registry.get     date: 'Sat, 11 Jul 2015 18:03:53 GMT',
108 silly registry.get     via: '1.1 varnish',
108 silly registry.get     age: '6',
108 silly registry.get     connection: 'keep-alive',
108 silly registry.get     'x-served-by': 'cache-fra1247-FRA',
108 silly registry.get     'x-cache': 'HIT',
108 silly registry.get     'x-cache-hits': '1',
108 silly registry.get     'x-timer': 'S1436637833.198536,VS0,VE0',
108 silly registry.get     vary: 'Accept' } ]
109 http 200 https://registry.npmjs.org/grunt-contrib-concat
110 silly registry.get cb [ 200,
110 silly registry.get   { server: 'CouchDB/1.5.0 (Erlang OTP/R16B03)',
110 silly registry.get     etag: '"3X6RUBKXDMGSQIYGTD4YR3U5K"',
110 silly registry.get     'content-type': 'application/json',
110 silly registry.get     'cache-control': 'max-age=60',
110 silly registry.get     'content-length': '30049',
110 silly registry.get     'accept-ranges': 'bytes',
110 silly registry.get     date: 'Sat, 11 Jul 2015 18:03:53 GMT',
110 silly registry.get     via: '1.1 varnish',
110 silly registry.get     age: '6',
110 silly registry.get     connection: 'keep-alive',
110 silly registry.get     'x-served-by': 'cache-fra1239-FRA',
110 silly registry.get     'x-cache': 'HIT',
110 silly registry.get     'x-cache-hits': '1',
110 silly registry.get     'x-timer': 'S1436637833.203639,VS0,VE0',
110 silly registry.get     vary: 'Accept' } ]
111 silly addNameRange number 2 { name: 'grunt-contrib-copy', range: '*', hasData: true }
112 silly addNameRange versions [ 'grunt-contrib-copy',
112 silly addNameRange   [ '0.2.0',
112 silly addNameRange     '0.2.1',
112 silly addNameRange     '0.2.2',
112 silly addNameRange     '0.2.3',
112 silly addNameRange     '0.2.4',
112 silly addNameRange     '0.3.0',
112 silly addNameRange     '0.3.1',
112 silly addNameRange     '0.3.2',
112 silly addNameRange     '0.4.0',
112 silly addNameRange     '0.4.1',
112 silly addNameRange     '0.5.0',
112 silly addNameRange     '0.6.0',
112 silly addNameRange     '0.7.0',
112 silly addNameRange     '0.8.0',
112 silly addNameRange     '0.4.0-rc7' ] ]
113 verbose addNamed [ 'grunt-contrib-copy', '0.8.0' ]
114 verbose addNamed [ '0.8.0', '0.8.0' ]
115 silly lockFile 4ba694f5-grunt-contrib-copy-0-8-0 grunt-contrib-copy@0.8.0
116 verbose lock grunt-contrib-copy@0.8.0 /Users/makingthings/.npm/4ba694f5-grunt-contrib-copy-0-8-0.lock
117 silly addNameRange number 2 { name: 'grunt-contrib-concat', range: '*', hasData: true }
118 silly addNameRange versions [ 'grunt-contrib-concat',
118 silly addNameRange   [ '0.1.0',
118 silly addNameRange     '0.1.1',
118 silly addNameRange     '0.1.2',
118 silly addNameRange     '0.1.3',
118 silly addNameRange     '0.2.0',
118 silly addNameRange     '0.3.0',
118 silly addNameRange     '0.4.0',
118 silly addNameRange     '0.5.0',
118 silly addNameRange     '0.5.1',
118 silly addNameRange     '0.1.2-rc5',
118 silly addNameRange     '0.1.2-rc6' ] ]
119 verbose addNamed [ 'grunt-contrib-concat', '0.5.1' ]
120 verbose addNamed [ '0.5.1', '0.5.1' ]
121 silly lockFile 63a362d5-grunt-contrib-concat-0-5-1 grunt-contrib-concat@0.5.1
122 verbose lock grunt-contrib-concat@0.5.1 /Users/makingthings/.npm/63a362d5-grunt-contrib-concat-0-5-1.lock
123 silly lockFile 1419f501-opy-grunt-contrib-copy-0-8-0-tgz https://registry.npmjs.org/grunt-contrib-copy/-/grunt-contrib-copy-0.8.0.tgz
124 verbose lock https://registry.npmjs.org/grunt-contrib-copy/-/grunt-contrib-copy-0.8.0.tgz /Users/makingthings/.npm/1419f501-opy-grunt-contrib-copy-0-8-0-tgz.lock
125 silly lockFile f6eb0009-t-grunt-contrib-concat-0-5-1-tgz https://registry.npmjs.org/grunt-contrib-concat/-/grunt-contrib-concat-0.5.1.tgz
126 verbose lock https://registry.npmjs.org/grunt-contrib-concat/-/grunt-contrib-concat-0.5.1.tgz /Users/makingthings/.npm/f6eb0009-t-grunt-contrib-concat-0-5-1-tgz.lock
127 verbose addRemoteTarball [ 'https://registry.npmjs.org/grunt-contrib-copy/-/grunt-contrib-copy-0.8.0.tgz',
127 verbose addRemoteTarball   'ee3027e65e4f2ffb9525a903c19efd80a8f2479b' ]
128 verbose addRemoteTarball [ 'https://registry.npmjs.org/grunt-contrib-concat/-/grunt-contrib-concat-0.5.1.tgz',
128 verbose addRemoteTarball   '953c6efdfdfd2c107ab9c85077f2d4b24d31cd49' ]
129 info retry fetch attempt 1 at 19:03:53
130 verbose fetch to= /var/folders/zg/361jmknx7qv3bbkty9x8587m0000gn/T/npm-20183-tHajfWRl/registry.npmjs.org/grunt-contrib-copy/-/grunt-contrib-copy-0.8.0.tgz
131 info retry fetch attempt 1 at 19:03:53
132 verbose fetch to= /var/folders/zg/361jmknx7qv3bbkty9x8587m0000gn/T/npm-20183-tHajfWRl/registry.npmjs.org/grunt-contrib-concat/-/grunt-contrib-concat-0.5.1.tgz
133 http GET https://registry.npmjs.org/grunt-contrib-copy/-/grunt-contrib-copy-0.8.0.tgz
134 http GET https://registry.npmjs.org/grunt-contrib-concat/-/grunt-contrib-concat-0.5.1.tgz
135 http 200 https://registry.npmjs.org/grunt-contrib-copy/-/grunt-contrib-copy-0.8.0.tgz
136 silly lockFile 1419f501-opy-grunt-contrib-copy-0-8-0-tgz https://registry.npmjs.org/grunt-contrib-copy/-/grunt-contrib-copy-0.8.0.tgz
137 silly lockFile 1419f501-opy-grunt-contrib-copy-0-8-0-tgz https://registry.npmjs.org/grunt-contrib-copy/-/grunt-contrib-copy-0.8.0.tgz
138 silly lockFile 4ba694f5-grunt-contrib-copy-0-8-0 grunt-contrib-copy@0.8.0
139 silly lockFile 4ba694f5-grunt-contrib-copy-0-8-0 grunt-contrib-copy@0.8.0
140 silly lockFile 9ec4cea0-grunt-contrib-copy grunt-contrib-copy@
141 silly lockFile 9ec4cea0-grunt-contrib-copy grunt-contrib-copy@
142 http 200 https://registry.npmjs.org/grunt-contrib-concat/-/grunt-contrib-concat-0.5.1.tgz
143 silly lockFile f6eb0009-t-grunt-contrib-concat-0-5-1-tgz https://registry.npmjs.org/grunt-contrib-concat/-/grunt-contrib-concat-0.5.1.tgz
144 silly lockFile f6eb0009-t-grunt-contrib-concat-0-5-1-tgz https://registry.npmjs.org/grunt-contrib-concat/-/grunt-contrib-concat-0.5.1.tgz
145 silly lockFile 63a362d5-grunt-contrib-concat-0-5-1 grunt-contrib-concat@0.5.1
146 silly lockFile 63a362d5-grunt-contrib-concat-0-5-1 grunt-contrib-concat@0.5.1
147 silly lockFile 9f2aab3b-grunt-contrib-concat grunt-contrib-concat@
148 silly lockFile 9f2aab3b-grunt-contrib-concat grunt-contrib-concat@
149 http 200 https://registry.npmjs.org/grunt-contrib-cssmin
150 silly registry.get cb [ 200,
150 silly registry.get   { server: 'CouchDB/1.5.0 (Erlang OTP/R16B03)',
150 silly registry.get     etag: '"15Y48HQ8CNF7KN08JCBYDQ5UX"',
150 silly registry.get     'content-type': 'application/json',
150 silly registry.get     'cache-control': 'max-age=60',
150 silly registry.get     'content-length': '35442',
150 silly registry.get     'accept-ranges': 'bytes',
150 silly registry.get     date: 'Sat, 11 Jul 2015 18:03:53 GMT',
150 silly registry.get     via: '1.1 varnish',
150 silly registry.get     age: '0',
150 silly registry.get     connection: 'keep-alive',
150 silly registry.get     'x-served-by': 'cache-fra1236-FRA',
150 silly registry.get     'x-cache': 'HIT',
150 silly registry.get     'x-cache-hits': '1',
150 silly registry.get     'x-timer': 'S1436637833.208497,VS0,VE377',
150 silly registry.get     vary: 'Accept' } ]
151 silly addNameRange number 2 { name: 'grunt-contrib-cssmin', range: '*', hasData: true }
152 silly addNameRange versions [ 'grunt-contrib-cssmin',
152 silly addNameRange   [ '0.4.0',
152 silly addNameRange     '0.4.1',
152 silly addNameRange     '0.4.2',
152 silly addNameRange     '0.5.0',
152 silly addNameRange     '0.6.0',
152 silly addNameRange     '0.6.1',
152 silly addNameRange     '0.6.2',
152 silly addNameRange     '0.7.0',
152 silly addNameRange     '0.8.0',
152 silly addNameRange     '0.9.0',
152 silly addNameRange     '0.10.0',
152 silly addNameRange     '0.11.0',
152 silly addNameRange     '0.12.0',
152 silly addNameRange     '0.12.1',
152 silly addNameRange     '0.12.2',
152 silly addNameRange     '0.12.3' ] ]
153 verbose addNamed [ 'grunt-contrib-cssmin', '0.12.3' ]
154 verbose addNamed [ '0.12.3', '0.12.3' ]
155 silly lockFile 0193e74d-grunt-contrib-cssmin-0-12-3 grunt-contrib-cssmin@0.12.3
156 verbose lock grunt-contrib-cssmin@0.12.3 /Users/makingthings/.npm/0193e74d-grunt-contrib-cssmin-0-12-3.lock
157 silly lockFile e825b648--grunt-contrib-cssmin-0-12-3-tgz https://registry.npmjs.org/grunt-contrib-cssmin/-/grunt-contrib-cssmin-0.12.3.tgz
158 verbose lock https://registry.npmjs.org/grunt-contrib-cssmin/-/grunt-contrib-cssmin-0.12.3.tgz /Users/makingthings/.npm/e825b648--grunt-contrib-cssmin-0-12-3-tgz.lock
159 verbose addRemoteTarball [ 'https://registry.npmjs.org/grunt-contrib-cssmin/-/grunt-contrib-cssmin-0.12.3.tgz',
159 verbose addRemoteTarball   '4157596096fb7656fc464b4cc7b0746de1f39014' ]
160 info retry fetch attempt 1 at 19:03:53
161 verbose fetch to= /var/folders/zg/361jmknx7qv3bbkty9x8587m0000gn/T/npm-20183-tHajfWRl/registry.npmjs.org/grunt-contrib-cssmin/-/grunt-contrib-cssmin-0.12.3.tgz
162 http GET https://registry.npmjs.org/grunt-contrib-cssmin/-/grunt-contrib-cssmin-0.12.3.tgz
163 http 200 https://registry.npmjs.org/grunt-contrib-cssmin/-/grunt-contrib-cssmin-0.12.3.tgz
164 silly lockFile e825b648--grunt-contrib-cssmin-0-12-3-tgz https://registry.npmjs.org/grunt-contrib-cssmin/-/grunt-contrib-cssmin-0.12.3.tgz
165 silly lockFile e825b648--grunt-contrib-cssmin-0-12-3-tgz https://registry.npmjs.org/grunt-contrib-cssmin/-/grunt-contrib-cssmin-0.12.3.tgz
166 silly lockFile 0193e74d-grunt-contrib-cssmin-0-12-3 grunt-contrib-cssmin@0.12.3
167 silly lockFile 0193e74d-grunt-contrib-cssmin-0-12-3 grunt-contrib-cssmin@0.12.3
168 silly lockFile b94ab2cf-grunt-contrib-cssmin grunt-contrib-cssmin@
169 silly lockFile b94ab2cf-grunt-contrib-cssmin grunt-contrib-cssmin@
170 http 404 https://registry.npmjs.org/gruntcontrib-uglify
171 verbose headers { server: 'CouchDB/1.5.0 (Erlang OTP/R16B03)',
171 verbose headers   'content-type': 'application/json',
171 verbose headers   'cache-control': 'max-age=0',
171 verbose headers   'content-length': '51',
171 verbose headers   'accept-ranges': 'bytes',
171 verbose headers   date: 'Sat, 11 Jul 2015 18:03:53 GMT',
171 verbose headers   via: '1.1 varnish',
171 verbose headers   age: '0',
171 verbose headers   connection: 'keep-alive',
171 verbose headers   'x-served-by': 'cache-fra1242-FRA',
171 verbose headers   'x-cache': 'MISS',
171 verbose headers   'x-cache-hits': '0',
171 verbose headers   'x-timer': 'S1436637833.201897,VS0,VE734' }
172 silly registry.get cb [ 404,
172 silly registry.get   { server: 'CouchDB/1.5.0 (Erlang OTP/R16B03)',
172 silly registry.get     'content-type': 'application/json',
172 silly registry.get     'cache-control': 'max-age=0',
172 silly registry.get     'content-length': '51',
172 silly registry.get     'accept-ranges': 'bytes',
172 silly registry.get     date: 'Sat, 11 Jul 2015 18:03:53 GMT',
172 silly registry.get     via: '1.1 varnish',
172 silly registry.get     age: '0',
172 silly registry.get     connection: 'keep-alive',
172 silly registry.get     'x-served-by': 'cache-fra1242-FRA',
172 silly registry.get     'x-cache': 'MISS',
172 silly registry.get     'x-cache-hits': '0',
172 silly registry.get     'x-timer': 'S1436637833.201897,VS0,VE734' } ]
173 silly lockFile aef8c9d3-gruntcontrib-uglify gruntcontrib-uglify@
174 silly lockFile aef8c9d3-gruntcontrib-uglify gruntcontrib-uglify@
175 http 200 https://registry.npmjs.org/grunt-usemin
176 silly registry.get cb [ 200,
176 silly registry.get   { server: 'CouchDB/1.5.0 (Erlang OTP/R16B03)',
176 silly registry.get     etag: '"4EA7AANVP05DNW0EICI20VOZY"',
176 silly registry.get     'content-type': 'application/json',
176 silly registry.get     'cache-control': 'max-age=60',
176 silly registry.get     'content-length': '60565',
176 silly registry.get     'accept-ranges': 'bytes',
176 silly registry.get     date: 'Sat, 11 Jul 2015 18:03:53 GMT',
176 silly registry.get     via: '1.1 varnish',
176 silly registry.get     age: '0',
176 silly registry.get     connection: 'keep-alive',
176 silly registry.get     'x-served-by': 'cache-fra1246-FRA',
176 silly registry.get     'x-cache': 'HIT',
176 silly registry.get     'x-cache-hits': '1',
176 silly registry.get     'x-timer': 'S1436637833.198907,VS0,VE743',
176 silly registry.get     vary: 'Accept' } ]
177 silly addNameRange number 2 { name: 'grunt-usemin', range: '*', hasData: true }
178 silly addNameRange versions [ 'grunt-usemin',
178 silly addNameRange   [ '0.1.0',
178 silly addNameRange     '0.1.1',
178 silly addNameRange     '0.1.2',
178 silly addNameRange     '0.1.5',
178 silly addNameRange     '0.1.6',
178 silly addNameRange     '0.1.7',
178 silly addNameRange     '0.1.8',
178 silly addNameRange     '0.1.9',
178 silly addNameRange     '0.1.4',
178 silly addNameRange     '0.1.10',
178 silly addNameRange     '0.1.11',
178 silly addNameRange     '0.1.12',
178 silly addNameRange     '0.1.13',
178 silly addNameRange     '2.0.0',
178 silly addNameRange     '2.0.1',
178 silly addNameRange     '2.0.2',
178 silly addNameRange     '2.1.0',
178 silly addNameRange     '2.1.1',
178 silly addNameRange     '2.2.0',
178 silly addNameRange     '2.3.0',
178 silly addNameRange     '2.4.0',
178 silly addNameRange     '2.5.0',
178 silly addNameRange     '2.5.1',
178 silly addNameRange     '2.6.0',
178 silly addNameRange     '2.6.1',
178 silly addNameRange     '2.6.2',
178 silly addNameRange     '3.0.0' ] ]
179 verbose addNamed [ 'grunt-usemin', '3.0.0' ]
180 verbose addNamed [ '3.0.0', '3.0.0' ]
181 silly lockFile 21f60fae-grunt-usemin-3-0-0 grunt-usemin@3.0.0
182 verbose lock grunt-usemin@3.0.0 /Users/makingthings/.npm/21f60fae-grunt-usemin-3-0-0.lock
183 silly lockFile e1a0a1db-nt-usemin-grunt-usemin-3-0-0-tgz https://registry.npmjs.org/grunt-usemin/-/grunt-usemin-3.0.0.tgz
184 verbose lock https://registry.npmjs.org/grunt-usemin/-/grunt-usemin-3.0.0.tgz /Users/makingthings/.npm/e1a0a1db-nt-usemin-grunt-usemin-3-0-0-tgz.lock
185 verbose addRemoteTarball [ 'https://registry.npmjs.org/grunt-usemin/-/grunt-usemin-3.0.0.tgz',
185 verbose addRemoteTarball   '3d84d10331a5392285acb9794e05ff81accdb0d3' ]
186 info retry fetch attempt 1 at 19:03:53
187 verbose fetch to= /var/folders/zg/361jmknx7qv3bbkty9x8587m0000gn/T/npm-20183-tHajfWRl/registry.npmjs.org/grunt-usemin/-/grunt-usemin-3.0.0.tgz
188 http GET https://registry.npmjs.org/grunt-usemin/-/grunt-usemin-3.0.0.tgz
189 http 200 https://registry.npmjs.org/grunt-usemin/-/grunt-usemin-3.0.0.tgz
190 silly lockFile e1a0a1db-nt-usemin-grunt-usemin-3-0-0-tgz https://registry.npmjs.org/grunt-usemin/-/grunt-usemin-3.0.0.tgz
191 silly lockFile e1a0a1db-nt-usemin-grunt-usemin-3-0-0-tgz https://registry.npmjs.org/grunt-usemin/-/grunt-usemin-3.0.0.tgz
192 silly lockFile 21f60fae-grunt-usemin-3-0-0 grunt-usemin@3.0.0
193 silly lockFile 21f60fae-grunt-usemin-3-0-0 grunt-usemin@3.0.0
194 silly lockFile ebe22777-grunt-usemin grunt-usemin@
195 silly lockFile ebe22777-grunt-usemin grunt-usemin@
196 error 404 404 Not Found: gruntcontrib-uglify
196 error 404
196 error 404 'gruntcontrib-uglify' is not in the npm registry.
196 error 404 You should bug the author to publish it
196 error 404 It was specified as a dependency of 'usemin'
196 error 404
196 error 404 Note that you can also install from a
196 error 404 tarball, folder, or http url, or git url.
197 error System Darwin 13.4.0
198 error command "node" "/usr/local/bin/npm" "install" "grunt-contrib-concat" "grunt-contrib-copy" "gruntcontrib-uglify" "grunt-contrib-cssmin" "grunt-usemin" "--save-dev"
199 error cwd /Users/makingthings/Dropbox/Sites/usemin
200 error node -v v0.10.32
201 error npm -v 1.4.28
202 error code E404
203 verbose exit [ 1, true ]
